<?xml version="1.0" encoding="UTF-8"?>
<testng-results ignored="0" total="1" passed="1" failed="0" skipped="0">
  <reporter-output>
  </reporter-output>
  <suite started-at="2023-10-25T20:28:07 IST" name="Default suite" finished-at="2023-10-25T20:28:27 IST" duration-ms="19283">
    <groups>
    </groups>
    <test started-at="2023-10-25T20:28:07 IST" name="Default test" finished-at="2023-10-25T20:28:27 IST" duration-ms="19283">
      <class name="testngPrgrm.Ebay_waits">
        <test-method is-config="true" signature="setUp()[pri:0, instance:testngPrgrm.Ebay_waits@13e344d]" started-at="2023-10-25T20:28:07 IST" name="setUp" finished-at="2023-10-25T20:28:21 IST" duration-ms="13721" status="PASS">
          <reporter-output>
          </reporter-output>
        </test-method> <!-- setUp -->
        <test-method signature="test()[pri:0, instance:testngPrgrm.Ebay_waits@13e344d]" started-at="2023-10-25T20:28:21 IST" name="test" finished-at="2023-10-25T20:28:27 IST" duration-ms="5470" status="PASS">
          <reporter-output>
          </reporter-output>
        </test-method> <!-- test -->
      </class> <!-- testngPrgrm.Ebay_waits -->
    </test> <!-- Default test -->
  </suite> <!-- Default suite -->
</testng-results>
